0
100
Error for Sacharias Jansen
200
300
400
500
600
Error for Nicolaes Vallet
700
800
900
Error for Meester van de vrouwelijke halffiguren
1000
1100
Error for Jurriaen Aernoutsz
Error for Siemon Reker
1200
Error for: Q510217
1300
1400
Error for: Q559352
1500
Error for Hans van Bentem
1600
1700
1800
1900
2000
Error for: Q888235
2100
Error for Frans Teulings
Error for Rock de Braziliaan
2200
Error for Gerrit de Veer
2300
Error for Christian Philipp Bentum
Error for: Q1112403
Error for: Q1122322
Error for: Q1132795
2400
Error for Pieter de Bailliu
Error for: Q1238762
Error for Marie Anderson
2500
Error for Felice de Nooyer
Error for: Q1330982
2600
2700
Error for: Q1455244
Error for: Q1524444
2800
Error for: Q1536791
Error for Gottfried van Ghemen
Error for: Q1557422
Error for: Q1574100
Error for: Q1606040
Error for Herbaren II van der Lede
Error for: Q1610226
Error for Hendric van Alckmaer
Error for: Q1628086
2900
Error for: Q1660487
Error for: Q1668216
Error for: Q1676780
Error for: Q1681854
Error for: Q1682086
Error for Jan Swart van Groningen
Error for: Q1688083
Error for Jan III van Arkel
Error for Johannes Blommendael
Error for: Q1699565
Error for: Q1702384
3000
Error for: Q1725688
Error for: Q1738339
3100
Error for Hesje van Rijk
3200
3300
3400
3500
3600
Error for Frederik Willem van Vloten
Error for Jacob van der Schuere
Error for: Q1892682
3700
Error for: Q1905050
3800
Error for Meester van de Kleine Landschappen
3900
4000
Error for Balthasar Coymans
4100
Error for Harie Janssen
Error for Marie Josephus Gerardus de Collaert
Error for Rutger Fuchs
Error for Frans Jacob Otto Boijmans
4300
Error for Theodoor Willem van Zuylen van Nievelt
Error for Pieter Willem Steenkamp
4400
Error for Louis Peter Grijp
4500
4600
Error for Rum Eynoudts
4700
Error for Jan Theuns
4800
Error for Harry van Rappard
Error for: Q2050831
5000
5100
Error for Johannes Sachariassen
5200
5300
Error for Adriaan Pieter Twent van Raaphorst
Error for UTF8 Error for: Q2101949
5400
5500
5600
Error for Sjoerd Swane
Error for David Herregouts
Error for: Q2134163
5700
5800
5900
Error for David Veilbrief
6000
Error for Barbara Woof
6100
Error for Arjen Draisma de Vries
6200
6300
6400
6500
6600
Error for UTF8 Error for: Q2221144
Error for Bas Dudok van Heel
Error for Cees Renckens
6700
6800
6900
7000
7100
Error for Josephus Coymans
7200
7300
Error for Cornelis van de Ven
Error for Krijn Schippers
7400
Error for Theo Schepens
7500
Error for Hub Pulles
7600
Error for Harm Ketelaar
Error for Gerrit Versteeg
7700
Error for Louis Ferdinand Nix
7800
7900
Error for Barend van Hemert
8000
Error for Herman Beidschat
Error for Franciscus Maelson
8100
Error for Rinus Wehrmann
Error for Johan Steengracht van Oostcapelle
8200
8300
Error for Joseph Leonardus Adriaan Maria van Roessel
8400
Error for Jacob Neefs
Error for Thomas Alders
8500
Error for: Q2434159
8600
Error for UTF8 Error for: Q2447534
8700
Error for J.H.G. Boekraad
8800
Error for Jeronymus van Diest (II)
8900
Error for Gummbah
9000
9100
9200
Error for Jan Coxie
Error for Maarten Meuldijk
Error for Theodorus Christiaan van Dierendonck
9300
9400
9500
9600
9700
Error for Willem van der Codde
Error for: Q2576739
9800
Error for: Q2597871
9900
10000
10100
10200
Error for Bunna Ebels-Hoving
Error for: Q2638972
10300
Error for Reitze Jonkman
10400
Error for Herman van Bronckhorst
Error for: Q2669999
10500
Error for Adrie Slot
10600
Error for Adolf Timmer
Error for Henricus Thijsen
Error for Jan Hendrik Tromp Meesters
Error for UTF8 Error for: Q2701662
Error for IJme Gerardus Bijvoets
Error for: Q2706618
Error for Jan Boll
10900
11000
Error for Jan van Kampen
Error for Hannah van Lunteren
11100
Error for Gosse van der Gaast
11200
11300
Error for Jan Huijgen
11400
11500
Error for J.A. Mulock Houwer
11600
Error for Antoine Dieppo
11700
Error for George David Eduard Johan Hotz
Error for: Q2923429
Error for Abraham Goedewaagen
11900
12000
12100
Error for Pieter de Marees
Error for UTF8 Error for: Q3155147
12200
Error for: Q3161393
Error for Jan van Coninxloo
Error for Harry van der Putt
Error for: Q3218149
Error for: Q3218162
12300
Error for Albert Jansz. van Dam
Error for UTF8 Error for: Q3272132
Error for: Q3289036
12400
Error for: Q3352844
Error for: Q3369976
Error for Willem Cornelis van der Sijde
Error for: Q3388029
12500
Error for: Q3417276
Error for Astrid Harrewijn
Error for Gijsbrecht II van Amstel
12600
Error for: Q3529528
Error for Cornelis Munter
Error for: Q3554393
Error for: Q3613739
Error for: Q3614852
Error for: Q3615427
Error for: Q3615445
Error for: Q3618829
Error for: Q3618847
Error for: Q3623645
Error for: Q3635509
Error for: Q3663612
Error for Cornelis Willaerts
Error for: Q3716244
Error for: Q3719733
Error for: Q3723556
Error for: Q3733452
Error for: Q3739075
Error for: Q3743831
Error for: Q3771991
Error for: Q3783197
Error for: Q3784807
Error for: Q3785977
Error for Jan van Almeloveen
Error for: Q3807333
Error for: Q3807334
Error for: Q3807813
Error for: Q3808948
Error for: Q3809729
Error for: Q3831547
Error for: Q3841887
Error for: Q3845458
Error for: Q3845476
Error for: Q3848544
Error for: Q3853079
Error for: Q3856400
Error for: Q3856402
Error for: Q3857430
Error for: Q3858612
Error for: Q3858947
Error for: Q3860052
Error for: Q3887320
Error for: Q3896920
Error for: Q3897770
Error for: Q3897777
Error for: Q3900965
Error for: Q3930648
Error for: Q3932219
Error for: Q3932944
Error for: Q3935066
Error for: Q3939287
Error for: Q3940989
Error for: Q3941000
Error for: Q3941015
Error for: Q3944919
Error for: Q3948107
Error for: Q3948108
Error for: Q3972325
Error for: Q3990719
Error for: Q4001162
Error for: Q4019856
Error for: Q4019893
Error for: Q4020304
Error for Wouter Abts
Error for: Q4075952
Error for: Q4099278
Error for: Q4103257
Error for: Q4123763
Error for: Q4167454
Error for: Q4285852
13000
Error for: Q4442927
13100
Error for: Q4511507
13200
Error for: Q4661092
Error for: Q4661421
Error for: Q4669374
Error for: Q4696190
Error for: Q4701022
Error for: Q4711221
Error for: Q4717592
Error for: Q4720026
Error for: Q4720523
Error for: Q4724157
Error for: Q4746658
Error for: Q4750479
Error for: Q4754826
Error for: Q4755698
Error for: Q4759796
Error for: Q4760105
Error for: Q4760108
13300
Error for: Q4773398
Error for: Q4775523
Error for Louis Albert Sigismond Jacques de Milly van Heiden Reinestein
Error for: Q4788961
Error for: Q4794491
Error for: Q4795333
Error for: Q4806970
Error for: Q4823310
Error for: Q4858357
Error for: Q4859062
Error for: Q4860437
Error for: Q4860441
Error for: Q4865218
Error for: Q4866143
13400
Error for: Q4886013
Error for: Q4890904
Error for: Q4891250
Error for: Q4895140
Error for: Q4895398
Error for: Q4898411
Error for: Q4933904
Error for: Q4934385
Error for: Q4945425
Error for: Q4949349
Error for: Q4949479
Error for: Q4954969
Error for: Q5039599
Error for: Q5041087
Error for: Q5042375
Error for: Q5045527
Error for: Q5047769
13500
Error for: Q5049030
Error for: Q5057207
Error for: Q5057211
Error for: Q5057213
Error for Seerp Gratama
Error for: Q5107586
Error for: Q5108094
Error for: Q5108505
Error for: Q5111079
Error for: Q5129286
Error for: Q5138910
Error for: Q5147238
Error for: Q5169374
Error for: Q5171406
Error for: Q5172962
Error for: Q5207372
Error for: Q5218695
Error for: Q5219906
Error for: Q5230524
Error for: Q5240251
Error for: Q5242213
13600
Error for: Q5258657
Error for: Q5258782
Error for: Q5274254
Error for: Q5274526
Error for: Q5280792
Error for: Q5292883
Error for: Q5336591
Error for: Q5346934
Error for: Q5348703
Error for: Q5349551
Error for: Q5361119
Error for: Q5363948
Error for: Q5364710
Error for: Q5386776
Error for: Q5395082
Error for: Q5403139
Error for: Q5442905
Error for: Q5442907
Error for: Q5443887
Error for: Q5445494
Error for: Q5460504
Error for: Q5461011
Error for: Q5487988
Error for: Q5490318
Error for Frans Badens
Error for: Q5492435
Error for: Q5495485
Error for: Q5504812
Error for: Q5512105
Error for: Q5515721
Error for: Q5529438
Error for: Q5529905
Error for: Q5529913
Error for: Q5535656
Error for: Q5543363
Error for: Q5546887
Error for: Q5550040
Error for: Q5550048
Error for: Q5550184
Error for: Q5550368
Error for: Q5550485
Error for: Q5552572
13800
Error for: Q5552591
Error for: Q5553200
Error for: Q5553228
Error for: Q5560406
Error for: Q5563445
Error for: Q5576599
Error for: Q5593247
Error for: Q5639453
Error for: Q5639852
Error for: Q5649077
Error for: Q5649511
Error for: Q5649753
Error for: Q5653733
Error for: Q5661398
Error for: Q5699633
Error for: Q5706880
Error for: Q5714465
Error for: Q5714932
Error for: Q5715155
Error for: Q5731441
Error for: Q5764400
Error for: Q5810870
Error for: Q5997252
Error for: Q6006381
Error for: Q6028333
Error for: Q6028372
Error for: Q6069846
Error for: Q6099310
Error for: Q6103251
Error for: Q6106142
Error for: Q6109738
Error for: Q6113127
Error for: Q6119308
Error for: Q6119397
Error for: Q6119477
Error for Jacobus van Meteren
Error for: Q6120253
Error for: Q6148392
Error for: Q6148965
Error for: Q6149013
Error for: Q6149047
Error for: Q6149092
Error for: Q6149144
Error for: Q6149187
Error for: Q6149223
Error for: Q6149262
Error for: Q6149399
Error for: Q6149590
Error for: Q6149876
Error for: Q6149882
Error for: Q6150214
Error for: Q6150363
Error for: Q6150369
Error for: Q6150412
Error for: Q6163889
Error for Willem Vink
Error for: Q6177005
14000
Error for: Q6182386
Error for: Q6182467
Error for: Q6182487
Error for: Q6182491
Error for: Q6183059
Error for: Q6184172
Error for: Q6187014
Error for: Q6187582
Error for: Q6207212
Error for: Q6207240
Error for: Q6212370
Error for: Q6214205
Error for: Q6215364
Error for: Q6215489
Error for: Q6236684
Error for: Q6276070
Error for: Q6276073
Error for: Q6276113
Error for: Q6276118
Error for: Q6279152
Error for: Q6279154
Error for: Q6288468
Error for: Q6288514
Error for: Q6297253
Error for: Q6369407
Error for: Q6383316
Error for: Q6383319
Error for: Q6425574
Error for: Q6425580
Error for: Q6425637
Error for: Q6455948
Error for Lambert Visscher
Error for: Q6499592
Error for: Q6522539
Error for: Q6524324
Error for: Q6528981
14100
Error for: Q6530540
Error for Paula Rip
Error for: Q6543760
Error for: Q6544486
Error for: Q6555823
Error for: Q6558549
Error for: Q6666591
Error for: Q6688988
Error for: Q6696898
Error for: Q6697131
Error for Ludovicus Neefs
Error for: Q6701667
Error for: Q6701713
Error for: Q6721033
Error for: Q6721191
Error for: Q6721195
Error for: Q6748505
Error for: Q6749000
Error for: Q6751272
Error for: Q6755667
Error for: Q6755953
Error for: Q6755983
Error for: Q6755984
Error for: Q6756252
Error for: Q6756263
Error for: Q6757664
Error for: Q6757710
Error for: Q6760747
Error for: Q6760931
Error for: Q6761723
Error for: Q6763373
Error for: Q6763852
Error for: Q6764925
Error for: Q6765934
Error for: Q6765991
Error for: Q6766160
Error for: Q6766206
Error for: Q6767990
Error for: Q6768232
Error for: Q6768692
Error for: Q6769451
Error for: Q6769526
Error for: Q6769782
Error for: Q6771829
Error for: Q6771907
Error for: Q6774757
Error for: Q6774760
Error for: Q6776402
Error for: Q6776996
Error for: Q6777094
Error for: Q6781044
Error for: Q6787247
Error for: Q6793825
14200
Error for: Q6814101
Error for: Q6817184
Error for: Q6818892
Error for: Q6832229
Error for: Q6833823
Error for: Q6835569
Error for: Q6836470
Error for: Q6836478
Error for: Q6836634
Error for: Q6837393
Error for: Q6849157
Error for: Q6849368
Error for: Q6862352
Error for: Q6873146
Error for: Q6873585
Error for: Q6873589
Error for: Q6875249
Error for: Q6892118
Error for: Q6908518
Error for: Q6935664
Error for: Q6948379
Error for: Q6968523
Error for: Q7002351
Error for: Q7031572
Error for: Q7037995
Error for: Q7050383
Error for: Q7078391
Error for: Q7094400
Error for: Q7102035
Error for: Q7109583
Error for: Q7119408
Error for: Q7121696
Error for: Q7141699
Error for: Q7145681
Error for: Q7145910
Error for: Q7147883
Error for: Q7147884
Error for: Q7148736
Error for: Q7151703
Error for: Q7152713
Error for: Q7155101
Error for: Q7174949
Error for: Q7176668
Error for: Q7177947
Error for: Q7183060
Error for: Q7186184
Error for: Q7192795
Error for: Q7192807
Error for: Q7192809
Error for: Q7192859
Error for: Q7244128
Error for: Q7271358
Error for: Q7272206
Error for: Q7291852
Error for: Q7299205
Error for: Q7310284
Error for: Q7311794
Error for: Q7312954
Error for: Q7313791
Error for: Q7313812
Error for: Q7313820
Error for: Q7313850
Error for: Q7322071
Error for: Q7322078
Error for: Q7327657
Error for Rick Derksen
Error for: Q7332289
Error for: Q7340510
Error for: Q7340624
Error for: Q7340685
Error for: Q7352913
Error for: Q7357582
Error for: Q7357600
Error for: Q7365015
Error for: Q7365410
Error for: Q7373269
Error for: Q7375267
Error for: Q7377250
Error for: Q7383556
Error for: Q7399434
Error for: Q7416120
Error for: Q7416799
Error for: Q7418816
Error for: Q7425703
Error for: Q7425709
Error for: Q7454345
Error for: Q7454454
Error for: Q7489896
Error for: Q7498892
Error for: Q7525088
Error for: Q7533543
Error for: Q7544272
Error for: Q7610655
Error for: Q7614988
Error for: Q7615179
Error for: Q7615299
Error for: Q7617722
Error for: Q7650999
Error for: Q7660828
Error for: Q7674725
Error for: Q7674978
Error for: Q7705011
Error for: Q7708546
Error for: Q7762734
Error for: Q7781499
Error for Theodoor Jacobus Boks
Error for: Q7782987
Error for: Q7784074
Error for: Q7784140
Error for: Q7791876
Error for: Q7795543
Error for: Q7803737
Error for: Q7808087
Error for: Q7819770
Error for: Q7820712
Error for: Q7824152
Error for: Q7824153
Error for: Q7901596
Error for: Q7931588
Error for: Q7933296
14500
Error for: Q7969612
Error for: Q7982476
Error for: Q7982836
Error for: Q7998861
Error for: Q7999794
Error for: Q8000112
Error for Willem Berkhoff
Error for: Q8003555
Error for: Q8003576
Error for Willem Maurits Bruyninck
Error for: Q8003645
Error for: Q8003646
Error for: Q8014072
Error for: Q8023483
Error for: Q8023485
Error for: Q8023492
Error for: Q8028551
Error for: Q8042901
Error for: Q8053787
Error for: Q8075733
Error for: Q10329961
Error for: Q11174813
Error for: Q11252987
Error for: Q11310638
Error for: Q11317140
Error for: Q11344473
Error for: Q11880914
Error for: Q11929512
Error for: Q11960335
Error for Gerard Hack
Error for: Q12987273
Error for Jan van der Vucht
Error for: Q13135067
Error for: Q13403746
Error for: Q13410227
Error for Beitske Bouwman
14700
Error for Johann Michael Fleischmann
14800
Error for Jacques van der Meij
Error for: Q14699310
Error for: Q14847459
Error for: Q14943759
Error for: Q14944297
Error for: Q15059155
Error for: Q15059162
Error for: Q15059164
Error for: Q15059169
Error for Willem de Keyser
Error for: Q15127203
Error for: Q15127207
Error for: Q15127228
Error for: Q15127231
15000
Error for Pieter de Zeelander
Error for Jacob Quina
Error for: Q15379096
Error for: Q15411411
Error for: Q15428986
Error for: Q15429059
Error for: Q15429077
Error for: Q15429190
Error for: Q15429393
Error for: Q15429406
Error for: Q15429416
Error for: Q15429448
Error for: Q15429470
Error for: Q15429477
Error for Christina Houbraken
Error for: Q15514975
Error for: Q15605374
Error for: Q15637634
Error for: Q15709617
Error for: Q15713201
15100
Error for Han de Kluijver
Error for Klaas Pander
Error for: Q15917366
Error for: Q15940285
Error for Just Havelaar
